<?xml version="1.0" encoding="UTF-8"?>
<!-- Generated by org.testng.reporters.JUnitXMLReporter -->
<testsuite ignored="0" hostname="DESKTOP-G31KD1E" failures="0" tests="4" name="Default test" time="27.362" errors="0" timestamp="2023-02-28T07:49:47 PST">
  <testcase classname="tests.GuestCheckoutProductFromCartTest" name="UserCanSearchForProductsWithAutoSuggest" time="5.004"/>
  <testcase classname="tests.GuestCheckoutProductFromCartTest" name="UserCanAddProductToShoppingCart" time="3.715"/>
  <testcase classname="tests.GuestCheckoutProductFromCartTest" name="UserCanCheckoutProduct" time="11.728"/>
  <testcase classname="tests.GuestCheckoutProductFromCartTest" name="UserCanViewOrderDetails" time="6.5"/>
</testsuite> <!-- Default test -->
