<?xml version="1.0" encoding="UTF-8"?>
<!-- Generated by org.testng.reporters.JUnitXMLReporter -->
<testsuite ignored="2" hostname="DESKTOP-G31KD1E" failures="0" tests="5" name="Regression Test" time="10.139" errors="0" timestamp="2023-02-26T01:48:59 PST">
  <testcase classname="tests.ChangeCurrencyTest" name="UserCanCanChangeCurrency" time="1.723"/>
  <testcase classname="tests.UserRegistrationTest" name="UserCanRegisterSuccssfully" time="2.878"/>
  <testcase classname="tests.UserRegistrationTest" name="RegisteredUserCanLogin" time="1.913"/>
  <testcase classname="tests.ChangeCurrencyTest" name="UserCanSearchWithAutoSuggest" time="2.642"/>
  <testcase classname="tests.UserRegistrationTest" name="RegisteredUserCanLogout" time="0.894"/>
  <testcase classname="tests.TestBase" name="@BeforeSuite startDriver" time="0.0">
    <ignored/>
  </testcase> <!-- @BeforeSuite startDriver -->
  <testcase classname="tests.TestBase" name="@AfterSuite stopDriver" time="0.0">
    <ignored/>
  </testcase> <!-- @AfterSuite stopDriver -->
</testsuite> <!-- Regression Test -->
